#!/usr/bin/ash

# This file is part of initd
#
# Copyright (C) 2014 Valère Monseur (valere dot monseur at ymail dot com)
#
# This program is free software; you can redistribute it and/or modify
# it under the terms of the GNU General Public License as published by
# the Free Software Foundation; either version 2 of the License, or
# (at your option) any later version.
#
# This program is distributed in the hope that it will be useful,
# but WITHOUT ANY WARRANTY; without even the implied warranty of
# MERCHANTABILITY or FITNESS FOR A PARTICULAR PURPOSE.  See the
# GNU General Public License for more details.
#
# You should have received a copy of the GNU General Public License along
# with this program; if not, write to the Free Software Foundation, Inc.,
# 51 Franklin Street, Fifth Floor, Boston, MA 02110-1301 USA.

LOG_DIR='/var/log/initd'

if [ ! -d "${LOG_DIR}" ]; then
  /opt/busybox/mkdir -p "${LOG_DIR}"
fi

/opt/busybox/chown tinylog:log "${LOG_DIR}"
/opt/busybox/chmod 2755 "${LOG_DIR}"

exec \
  /usr/sbin/runuid -g log tinylog \
  /usr/sbin/tinylog "${LOG_DIR}"
